<?xml version="1.0" encoding="UTF-8"?>
<testsuite xmlns:xsi="http://www.w3.org/2001/XMLSchema-instance" xsi:noNamespaceSchemaLocation="https://maven.apache.org/surefire/maven-surefire-plugin/xsd/surefire-test-report.xsd" version="3.0.2" name="runners.TestRunner" time="4.842" tests="1" errors="0" skipped="0" failures="1" flakes="0">
  <properties>
[...]
</properties>
  <testcase name="runScenario[&quot;valid login_validpasword&quot;, &quot;Login Functionality&quot;](1)" classname="runners.TestRunner" time="3.597">
    <failure message="no such element: Unable to locate element: {&quot;method&quot;:&quot;xpath&quot;,&quot;selector&quot;:&quot;//*[text()=&apos;Product&apos;]&quot;}&#10;  (Session info: chrome=146.0.7680.165)&#10;For documentation on this error, please visit: https://www.selenium.dev/documentation/webdriver/troubleshooting/errors#nosuchelementexception&#10;Build info: version: &apos;4.41.0&apos;, revision: &apos;9fc754f&apos;&#10;System info: os.name: &apos;Windows 11&apos;, os.arch: &apos;amd64&apos;, os.version: &apos;10.0&apos;, java.version: &apos;17.0.6&apos;&#10;Driver info: org.openqa.selenium.chrome.ChromeDriver&#10;Command: [2250baa1ae372724b1141bf169fb3bcf, findElement {value=//*[text()=&apos;Product&apos;], using=xpath}]&#10;Capabilities {acceptInsecureCerts: false, browserName: chrome, browserVersion: 146.0.7680.165, chrome: {chromedriverVersion: 146.0.7680.165 (4b989da09e1..., userDataDir: C:\WINDOWS\SystemTemp\scope...}, fedcm:accounts: true, goog:chromeOptions: {debuggerAddress: localhost:50441}, goog:processID: 21260, networkConnectionEnabled: false, pageLoadStrategy: normal, platformName: windows, proxy: Proxy(), se:cdp: ws://localhost:50441/devtoo..., se:cdpVersion: 146.0.7680.165, setWindowRect: true, strictFileInteractability: false, timeouts: {implicit: 0, pageLoad: 300000, script: 30000}, unhandledPromptBehavior: dismiss and notify, webauthn:extension:credBlob: true, webauthn:extension:largeBlob: true, webauthn:extension:minPinLength: true, webauthn:extension:prf: true, webauthn:virtualAuthenticators: true}&#10;Session ID: 2250baa1ae372724b1141bf169fb3bcf" type="org.openqa.selenium.NoSuchElementException"><![CDATA[org.openqa.selenium.NoSuchElementException: 
no such element: Unable to locate element: {"method":"xpath","selector":"//*[text()='Product']"}
  (Session info: chrome=146.0.7680.165)
For documentation on this error, please visit: https://www.selenium.dev/documentation/webdriver/troubleshooting/errors#nosuchelementexception
Build info: version: '4.41.0', revision: '9fc754f'
System info: os.name: 'Windows 11', os.arch: 'amd64', os.version: '10.0', java.version: '17.0.6'
Driver info: org.openqa.selenium.chrome.ChromeDriver
Command: [2250baa1ae372724b1141bf169fb3bcf, findElement {value=//*[text()='Product'], using=xpath}]
Capabilities {acceptInsecureCerts: false, browserName: chrome, browserVersion: 146.0.7680.165, chrome: {chromedriverVersion: 146.0.7680.165 (4b989da09e1..., userDataDir: C:\WINDOWS\SystemTemp\scope...}, fedcm:accounts: true, goog:chromeOptions: {debuggerAddress: localhost:50441}, goog:processID: 21260, networkConnectionEnabled: false, pageLoadStrategy: normal, platformName: windows, proxy: Proxy(), se:cdp: ws://localhost:50441/devtoo..., se:cdpVersion: 146.0.7680.165, setWindowRect: true, strictFileInteractability: false, timeouts: {implicit: 0, pageLoad: 300000, script: 30000}, unhandledPromptBehavior: dismiss and notify, webauthn:extension:credBlob: true, webauthn:extension:largeBlob: true, webauthn:extension:minPinLength: true, webauthn:extension:prf: true, webauthn:virtualAuthenticators: true}
Session ID: 2250baa1ae372724b1141bf169fb3bcf
	at org.openqa.selenium.remote.ErrorCodec.decode(ErrorCodec.java:169)
	at org.openqa.selenium.remote.codec.w3c.W3CHttpResponseCodec.decode(W3CHttpResponseCodec.java:142)
	at org.openqa.selenium.remote.codec.w3c.W3CHttpResponseCodec.decode(W3CHttpResponseCodec.java:49)
	at org.openqa.selenium.remote.HttpCommandExecutor.execute(HttpCommandExecutor.java:223)
	at org.openqa.selenium.remote.service.DriverCommandExecutor.invokeExecute(DriverCommandExecutor.java:216)
	at org.openqa.selenium.remote.service.DriverCommandExecutor.execute(DriverCommandExecutor.java:174)
	at org.openqa.selenium.remote.RemoteWebDriver.execute(RemoteWebDriver.java:604)
	at org.openqa.selenium.remote.ElementLocation$ElementFinder$2.findElement(ElementLocation.java:166)
	at org.openqa.selenium.remote.ElementLocation.findElement(ElementLocation.java:60)
	at org.openqa.selenium.remote.RemoteWebDriver.findElement(RemoteWebDriver.java:427)
	at org.openqa.selenium.remote.RemoteWebDriver.findElement(RemoteWebDriver.java:421)
	at stepdefinitions.LoginSteps.user_should_navigate_to_home_page(LoginSteps.java:52)
	at ✽.user should navigate to home page(file:///C:/Users/91984/eclipse-workspace/Selenium_WebApp/src/test/resources/features/login.feature:14)
]]></failure>
    <system-out><![CDATA[
@regression @smoke
&amp#27;[1mScenario:&amp#27;[22m valid login_validpasword            &amp#27;[90m# src/test/resources/features/login.feature:13&amp#27;[39m
inside Before hook
  &amp#27;[32mâœ”&amp#27;[39m &amp#27;[32m&amp#27;[1mGiven &amp#27;[22muser is on login page&amp#27;[39m               &amp#27;[90m# stepdefinitions.LoginSteps.user_is_on_login_page()&amp#27;[39m
  &amp#27;[32mâœ”&amp#27;[39m &amp#27;[32m&amp#27;[1mWhen &amp#27;[22muser enters username &amp#27;[1m"standard_user"&amp#27;[22m&amp#27;[39m &amp#27;[90m# stepdefinitions.LoginSteps.user_enters_username(java.lang.String)&amp#27;[39m
  &amp#27;[32mâœ”&amp#27;[39m &amp#27;[32m&amp#27;[1mAnd &amp#27;[22muser enters password &amp#27;[1m"secret_sauce"&amp#27;[22m&amp#27;[39m   &amp#27;[90m# stepdefinitions.LoginSteps.user_enters_password(java.lang.String)&amp#27;[39m
  &amp#27;[32mâœ”&amp#27;[39m &amp#27;[32m&amp#27;[1mAnd &amp#27;[22muser clicks login button&amp#27;[39m              &amp#27;[90m# stepdefinitions.LoginSteps.user_clicks_login_button()&amp#27;[39m
  &amp#27;[31mâœ˜&amp#27;[39m &amp#27;[31m&amp#27;[1mThen &amp#27;[22muser should navigate to home page&amp#27;[39m    &amp#27;[90m# stepdefinitions.LoginSteps.user_should_navigate_to_home_page()&amp#27;[39m
        &amp#27;[31morg.openqa.selenium.NoSuchElementException: no such element: Unable to locate element: {"method":"xpath","selector":"//*[text()='Product']"}&amp#27;[39m
        &amp#27;[31m  (Session info: chrome=146.0.7680.165)&amp#27;[39m
        &amp#27;[31mFor documentation on this error, please visit: https://www.selenium.dev/documentation/webdriver/troubleshooting/errors#nosuchelementexception&amp#27;[39m
        &amp#27;[31mBuild info: version: '4.41.0', revision: '9fc754f'&amp#27;[39m
        &amp#27;[31mSystem info: os.name: 'Windows 11', os.arch: 'amd64', os.version: '10.0', java.version: '17.0.6'&amp#27;[39m
        &amp#27;[31mDriver info: org.openqa.selenium.chrome.ChromeDriver&amp#27;[39m
        &amp#27;[31mCommand: [2250baa1ae372724b1141bf169fb3bcf, findElement {value=//*[text()='Product'], using=xpath}]&amp#27;[39m
        &amp#27;[31mCapabilities {acceptInsecureCerts: false, browserName: chrome, browserVersion: 146.0.7680.165, chrome: {chromedriverVersion: 146.0.7680.165 (4b989da09e1..., userDataDir: C:\WINDOWS\SystemTemp\scope...}, fedcm:accounts: true, goog:chromeOptions: {debuggerAddress: localhost:50441}, goog:processID: 21260, networkConnectionEnabled: false, pageLoadStrategy: normal, platformName: windows, proxy: Proxy(), se:cdp: ws://localhost:50441/devtoo..., se:cdpVersion: 146.0.7680.165, setWindowRect: true, strictFileInteractability: false, timeouts: {implicit: 0, pageLoad: 300000, script: 30000}, unhandledPromptBehavior: dismiss and notify, webauthn:extension:credBlob: true, webauthn:extension:largeBlob: true, webauthn:extension:minPinLength: true, webauthn:extension:prf: true, webauthn:virtualAuthenticators: true}&amp#27;[39m
        &amp#27;[31mSession ID: 2250baa1ae372724b1141bf169fb3bcf&amp#27;[39m
        &amp#27;[31m	at org.openqa.selenium.remote.ErrorCodec.decode(ErrorCodec.java:169)&amp#27;[39m
        &amp#27;[31m	at org.openqa.selenium.remote.codec.w3c.W3CHttpResponseCodec.decode(W3CHttpResponseCodec.java:142)&amp#27;[39m
        &amp#27;[31m	at org.openqa.selenium.remote.codec.w3c.W3CHttpResponseCodec.decode(W3CHttpResponseCodec.java:49)&amp#27;[39m
        &amp#27;[31m	at org.openqa.selenium.remote.HttpCommandExecutor.execute(HttpCommandExecutor.java:223)&amp#27;[39m
        &amp#27;[31m	at org.openqa.selenium.remote.service.DriverCommandExecutor.invokeExecute(DriverCommandExecutor.java:216)&amp#27;[39m
        &amp#27;[31m	at org.openqa.selenium.remote.service.DriverCommandExecutor.execute(DriverCommandExecutor.java:174)&amp#27;[39m
        &amp#27;[31m	at org.openqa.selenium.remote.RemoteWebDriver.execute(RemoteWebDriver.java:604)&amp#27;[39m
        &amp#27;[31m	at org.openqa.selenium.remote.ElementLocation$ElementFinder$2.findElement(ElementLocation.java:166)&amp#27;[39m
        &amp#27;[31m	at org.openqa.selenium.remote.ElementLocation.findElement(ElementLocation.java:60)&amp#27;[39m
        &amp#27;[31m	at org.openqa.selenium.remote.RemoteWebDriver.findElement(RemoteWebDriver.java:427)&amp#27;[39m
        &amp#27;[31m	at org.openqa.selenium.remote.RemoteWebDriver.findElement(RemoteWebDriver.java:421)&amp#27;[39m
        &amp#27;[31m	at stepdefinitions.LoginSteps.user_should_navigate_to_home_page(LoginSteps.java:52)&amp#27;[39m
        &amp#27;[31m	at âœ½.user should navigate to home page(file:///C:/Users/91984/eclipse-workspace/Selenium_WebApp/src/test/resources/features/login.feature:14)&amp#27;[39m
Scenario failed , captruing screnshot

        &amp#27;[34mEmbedding failure screenshot [image/pmg 39873 bytes]&amp#27;[39m

inside after hook
]]></system-out>
    <system-err><![CDATA[SLF4J(W): No SLF4J providers were found.
SLF4J(W): Defaulting to no-operation (NOP) logger implementation
SLF4J(W): See https://www.slf4j.org/codes.html#noProviders for further details.
Apr 07, 2026 6:18:31 PM org.openqa.selenium.devtools.CdpVersionFinder findNearestMatch
WARNING: Unable to find an exact match for CDP version 146, returning the closest version; found: 145; Please update to a Selenium version that supports CDP version 146
]]></system-err>
  </testcase>
</testsuite>