<?xml version="1.0" encoding="UTF-8"?>
<!-- Generated by org.testng.reporters.JUnitReportReporter -->
<testsuite hostname="srini" failures="0" tests="3" name="tests.LoginTest" time="9.285" errors="0" timestamp="2026-03-23T18:51:10 IST" skipped="0">
  <testcase classname="tests.LoginTest" name="loginTest" time="2.156"/>
  <testcase classname="tests.LoginTest" name="loginTest" time="5.014"/>
  <testcase classname="tests.LoginTest" name="loginTest" time="2.115"/>
</testsuite> <!-- tests.LoginTest -->
